[debug] [2017-09-22T16:59:49.703Z] ----------------------------------------------------------------------
[debug] [2017-09-22T16:59:49.707Z] Command:       /usr/local/bin/node /usr/local/bin/firebase serve
[debug] [2017-09-22T16:59:49.707Z] CLI Version:   3.12.0
[debug] [2017-09-22T16:59:49.707Z] Platform:      darwin
[debug] [2017-09-22T16:59:49.707Z] Node Version:  v8.4.0
[debug] [2017-09-22T16:59:49.708Z] Time:          Fri Sep 22 2017 12:59:49 GMT-0400 (EDT)
[debug] [2017-09-22T16:59:49.708Z] ----------------------------------------------------------------------
[debug] 
[debug] [2017-09-22T16:59:49.724Z] > command requires scopes: ["email","openid","https://www.googleapis.com/auth/cloudplatformprojects.readonly","https://www.googleapis.com/auth/firebase","https://www.googleapis.com/auth/cloud-platform"]
[debug] [2017-09-22T16:59:49.725Z] > authorizing via signed-in user
[debug] [2017-09-22T16:59:49.727Z] > refreshing access token with scopes: ["email","https://www.googleapis.com/auth/cloud-platform","https://www.googleapis.com/auth/cloudplatformprojects.readonly","https://www.googleapis.com/auth/firebase","openid"]
[debug] [2017-09-22T16:59:49.728Z] >>> HTTP REQUEST POST https://www.googleapis.com/oauth2/v3/token { refresh_token: '1/zNWlYzkJjGFN-rHTfW-7defOc6mWeS52-cTw7xF65TcCuxsiZkXOTnpTGv3k3i_7',
  client_id: '563584335869-fgrhgmd47bqnekij5i8b5pr03ho849e6.apps.googleusercontent.com',
  client_secret: 'j9iVZfS8kkCEFUPaAeJV0sAi',
  grant_type: 'refresh_token',
  scope: 'email https://www.googleapis.com/auth/cloud-platform https://www.googleapis.com/auth/cloudplatformprojects.readonly https://www.googleapis.com/auth/firebase openid' } 
 Fri Sep 22 2017 12:59:49 GMT-0400 (EDT)
[debug] [2017-09-22T16:59:49.918Z] <<< HTTP RESPONSE 200
[debug] [2017-09-22T16:59:49.930Z] >>> HTTP REQUEST GET https://admin.firebase.com/v1/projects/rustudying-ca789  
 Fri Sep 22 2017 12:59:49 GMT-0400 (EDT)
[debug] [2017-09-22T16:59:50.314Z] <<< HTTP RESPONSE 200
[debug] [2017-09-22T16:59:50.315Z] >>> HTTP REQUEST GET https://admin.firebase.com/v1/database/rustudying-ca789/tokens  
 Fri Sep 22 2017 12:59:50 GMT-0400 (EDT)
[debug] [2017-09-22T16:59:50.706Z] <<< HTTP RESPONSE 200
[info] 
[info] === Serving from '/Users/Patricia/Desktop/PracticeReact/RuKiddingMe'...
[info] 
[debug] [2017-09-22T16:59:50.709Z] >>> HTTP REQUEST GET https://cloudresourcemanager.googleapis.com/v1/projects/rustudying-ca789  
 Fri Sep 22 2017 12:59:50 GMT-0400 (EDT)
[debug] [2017-09-22T16:59:50.926Z] <<< HTTP RESPONSE 200
[debug] [2017-09-22T16:59:50.927Z] >>> HTTP REQUEST GET https://mobilesdk-pa.googleapis.com/v1/projects/552749906424/clients/_:getWebAppConfig  
 Fri Sep 22 2017 12:59:50 GMT-0400 (EDT)
[debug] [2017-09-22T16:59:51.280Z] <<< HTTP RESPONSE 200
[info] i  hosting: Serving hosting files from: public
[info] ✔  hosting: Local server: http://localhost:5000

